<?xml version="1.0" encoding="UTF-8"?>
<beans xmlns="http://www.springframework.org/schema/beans"
	xmlns:xsi="http://www.w3.org/2001/XMLSchema-instance"
	xmlns:context="http://www.springframework.org/schema/context"
	xsi:schemaLocation="http://www.springframework.org/schema/beans http://www.springframework.org/schema/beans/spring-beans-2.5.xsd
		http://www.springframework.org/schema/context http://www.springframework.org/schema/context/spring-context-4.3.xsd">

<context:annotation-config/>
<bean id="viewResolver"
class="org.springframework.web.servlet.view.InternalResourceViewResolver">
	<property name="viewClass" value="org.springframework.web.servlet.view.JstlView"/>
	<property name="prefix" value="/"/>
	<property name="suffix" value=".jsp"/>
</bean>

<!-- 요청명령어에 따른 컨트롤러 클래스를 작성(= 모델2에서 액션클래스를 의미함) -->
<bean name="/index2.do" class="kim.TestActionController"/>
</beans>
